<?xml version="1.0" encoding="UTF-8"?>
<!-- Generated by org.testng.reporters.JUnitReportReporter -->
<testsuite hostname="Aquero" failures="0" tests="2" name="tests.UserRegistrationWithDataProvider" time="10.728" errors="0" timestamp="2023-04-07T13:20:30 AST" skipped="0">
  <testcase classname="tests.UserRegistrationWithDataProvider" name="userCanRegisterSuccssfully" time="5.670"/>
  <system-out/>
  <testcase classname="tests.UserRegistrationWithDataProvider" name="userCanRegisterSuccssfully" time="5.058"/>
  <system-out/>
</testsuite> <!-- tests.UserRegistrationWithDataProvider -->
