<?xml version="1.0" encoding="UTF-8"?>
<!-- Generated by org.testng.reporters.JUnitReportReporter -->
<testsuite hostname="Aquero" failures="0" tests="2" name="tests.AddToWishList" time="5.300" errors="0" timestamp="2023-04-02T08:38:41 AST" skipped="0">
  <testcase classname="tests.AddToWishList" name="userCanSearchForProduct" time="3.571"/>
  <system-out/>
  <testcase classname="tests.AddToWishList" name="UserCanAddItemToWishlist" time="1.729"/>
  <system-out/>
</testsuite> <!-- tests.AddToWishList -->
