<?xml version="1.0" encoding="UTF-8"?>
<!-- Generated by org.testng.reporters.JUnitReportReporter -->
<testsuite hostname="Aquero" failures="0" tests="2" name="tests.MyAccountTest" time="2.785" errors="0" timestamp="2023-03-30T09:33:52 AST" skipped="0">
  <testcase classname="tests.MyAccountTest" name="userCanRegisterSuccssfully" time="1.950"/>
  <system-out/>
  <testcase classname="tests.MyAccountTest" name="RegisterdUserCanLogin" time="0.835"/>
  <system-out/>
</testsuite> <!-- tests.MyAccountTest -->
