<?xml version="1.0" encoding="UTF-8"?>
<!-- Generated by org.testng.reporters.JUnitReportReporter -->
<testsuite hostname="Aquero" failures="0" tests="1" name="tests.UserLogin" time="3.461" errors="0" timestamp="2023-03-30T23:25:23 AST" skipped="0">
  <testcase classname="tests.UserLogin" name="UserCanLogin" time="3.461"/>
  <system-out/>
</testsuite> <!-- tests.UserLogin -->
