<?xml version="1.0" encoding="UTF-8"?>
<!-- Generated by org.testng.reporters.JUnitReportReporter -->
<testsuite hostname="Aquero" failures="0" tests="1" name="tests.ProductHoverMenu" time="3.905" errors="0" timestamp="2023-04-03T05:54:15 AST" skipped="0">
  <testcase classname="tests.ProductHoverMenu" name="UserCanHoverToMenu" time="3.905"/>
  <system-out/>
</testsuite> <!-- tests.ProductHoverMenu -->
