<?xml version="1.0" encoding="UTF-8"?>
<!-- Generated by org.testng.reporters.JUnitReportReporter -->
<testsuite hostname="Aquero" failures="0" tests="1" name="tests.SearchForProduct" time="3.889" errors="0" timestamp="2023-03-31T02:40:31 AST" skipped="0">
  <testcase classname="tests.SearchForProduct" name="userCanSearchForProduct" time="3.889"/>
  <system-out/>
</testsuite> <!-- tests.SearchForProduct -->
